2023-04-25 13:32:59,995 {yyyy-MM-dd HH:mm:ss.SSS} | INFO  | com.av.shop.task_25_springboot.App | Starting App using Java 19.0.2 with PID 22244 (E:\Own\Hillel\HomeWork\Lesson_36_SpringBoot\Task_25_SpringBoot\target\classes started by Admin in E:\Own\Hillel\HomeWork\Lesson_36_SpringBoot\Task_25_SpringBoot)
2023-04-25 13:32:59,999 {yyyy-MM-dd HH:mm:ss.SSS} | INFO  | com.av.shop.task_25_springboot.App | No active profile set, falling back to 1 default profile: "default"
2023-04-25 13:33:00,409 {yyyy-MM-dd HH:mm:ss.SSS} | INFO  | o.s.data.repository.config.RepositoryConfigurationDelegate | Bootstrapping Spring Data JPA repositories in DEFAULT mode.
2023-04-25 13:33:00,427 {yyyy-MM-dd HH:mm:ss.SSS} | INFO  | o.s.data.repository.config.RepositoryConfigurationDelegate | Finished Spring Data repository scanning in 11 ms. Found 0 JPA repository interfaces.
2023-04-25 13:33:00,826 {yyyy-MM-dd HH:mm:ss.SSS} | INFO  | o.springframework.boot.web.embedded.tomcat.TomcatWebServer | Tomcat initialized with port(s): 8080 (http)
2023-04-25 13:33:00,832 {yyyy-MM-dd HH:mm:ss.SSS} | INFO  | org.apache.catalina.core.StandardService | Starting service [Tomcat]
2023-04-25 13:33:00,832 {yyyy-MM-dd HH:mm:ss.SSS} | INFO  | org.apache.catalina.core.StandardEngine | Starting Servlet engine: [Apache Tomcat/10.1.7]
2023-04-25 13:33:00,895 {yyyy-MM-dd HH:mm:ss.SSS} | INFO  | o.a.catalina.core.ContainerBase.[Tomcat].[localhost].[/] | Initializing Spring embedded WebApplicationContext
2023-04-25 13:33:00,895 {yyyy-MM-dd HH:mm:ss.SSS} | INFO  | o.s.b.web.servlet.context.ServletWebServerApplicationContext | Root WebApplicationContext: initialization completed in 863 ms
2023-04-25 13:33:01,018 {yyyy-MM-dd HH:mm:ss.SSS} | INFO  | org.hibernate.jpa.internal.util.LogHelper | HHH000204: Processing PersistenceUnitInfo [name: default]
2023-04-25 13:33:01,049 {yyyy-MM-dd HH:mm:ss.SSS} | INFO  | org.hibernate.Version | HHH000412: Hibernate ORM core version 6.1.7.Final
2023-04-25 13:33:01,219 {yyyy-MM-dd HH:mm:ss.SSS} | INFO  | com.zaxxer.hikari.HikariDataSource | HikariPool-1 - Starting...
2023-04-25 13:33:01,414 {yyyy-MM-dd HH:mm:ss.SSS} | INFO  | com.zaxxer.hikari.pool.HikariPool | HikariPool-1 - Added connection com.mysql.cj.jdbc.ConnectionImpl@78065fcd
2023-04-25 13:33:01,416 {yyyy-MM-dd HH:mm:ss.SSS} | INFO  | com.zaxxer.hikari.HikariDataSource | HikariPool-1 - Start completed.
2023-04-25 13:33:01,454 {yyyy-MM-dd HH:mm:ss.SSS} | INFO  | SQL dialect | HHH000400: Using dialect: org.hibernate.dialect.MySQLDialect
2023-04-25 13:33:01,991 {yyyy-MM-dd HH:mm:ss.SSS} | INFO  | o.h.e.transaction.jta.platform.internal.JtaPlatformInitiator | HHH000490: Using JtaPlatform implementation: [org.hibernate.engine.transaction.jta.platform.internal.NoJtaPlatform]
2023-04-25 13:33:01,997 {yyyy-MM-dd HH:mm:ss.SSS} | INFO  | o.s.orm.jpa.LocalContainerEntityManagerFactoryBean | Initialized JPA EntityManagerFactory for persistence unit 'default'
2023-04-25 13:33:02,071 {yyyy-MM-dd HH:mm:ss.SSS} | WARN  | o.s.b.a.orm.jpa.JpaBaseConfiguration$JpaWebConfiguration | spring.jpa.open-in-view is enabled by default. Therefore, database queries may be performed during view rendering. Explicitly configure spring.jpa.open-in-view to disable this warning
2023-04-25 13:33:02,308 {yyyy-MM-dd HH:mm:ss.SSS} | INFO  | o.springframework.boot.web.embedded.tomcat.TomcatWebServer | Tomcat started on port(s): 8080 (http) with context path ''
2023-04-25 13:33:02,315 {yyyy-MM-dd HH:mm:ss.SSS} | INFO  | com.av.shop.task_25_springboot.App | Started App in 2.669 seconds (process running for 2.91)
2023-04-25 13:33:05,693 {yyyy-MM-dd HH:mm:ss.SSS} | INFO  | o.s.orm.jpa.LocalContainerEntityManagerFactoryBean | Closing JPA EntityManagerFactory for persistence unit 'default'
2023-04-25 13:33:05,694 {yyyy-MM-dd HH:mm:ss.SSS} | INFO  | com.zaxxer.hikari.HikariDataSource | HikariPool-1 - Shutdown initiated...
2023-04-25 13:33:05,702 {yyyy-MM-dd HH:mm:ss.SSS} | INFO  | com.zaxxer.hikari.HikariDataSource | HikariPool-1 - Shutdown completed.
2023-04-25 13:33:09,503 {yyyy-MM-dd HH:mm:ss.SSS} | INFO  | com.av.shop.task_25_springboot.App | Starting App using Java 19.0.2 with PID 6252 (E:\Own\Hillel\HomeWork\Lesson_36_SpringBoot\Task_25_SpringBoot\target\classes started by Admin in E:\Own\Hillel\HomeWork\Lesson_36_SpringBoot\Task_25_SpringBoot)
2023-04-25 13:33:09,507 {yyyy-MM-dd HH:mm:ss.SSS} | INFO  | com.av.shop.task_25_springboot.App | No active profile set, falling back to 1 default profile: "default"
2023-04-25 13:33:09,897 {yyyy-MM-dd HH:mm:ss.SSS} | INFO  | o.s.data.repository.config.RepositoryConfigurationDelegate | Bootstrapping Spring Data JPA repositories in DEFAULT mode.
2023-04-25 13:33:09,914 {yyyy-MM-dd HH:mm:ss.SSS} | INFO  | o.s.data.repository.config.RepositoryConfigurationDelegate | Finished Spring Data repository scanning in 11 ms. Found 0 JPA repository interfaces.
2023-04-25 13:33:10,304 {yyyy-MM-dd HH:mm:ss.SSS} | INFO  | o.springframework.boot.web.embedded.tomcat.TomcatWebServer | Tomcat initialized with port(s): 8080 (http)
2023-04-25 13:33:10,310 {yyyy-MM-dd HH:mm:ss.SSS} | INFO  | org.apache.catalina.core.StandardService | Starting service [Tomcat]
2023-04-25 13:33:10,311 {yyyy-MM-dd HH:mm:ss.SSS} | INFO  | org.apache.catalina.core.StandardEngine | Starting Servlet engine: [Apache Tomcat/10.1.7]
2023-04-25 13:33:10,374 {yyyy-MM-dd HH:mm:ss.SSS} | INFO  | o.a.catalina.core.ContainerBase.[Tomcat].[localhost].[/] | Initializing Spring embedded WebApplicationContext
2023-04-25 13:33:10,374 {yyyy-MM-dd HH:mm:ss.SSS} | INFO  | o.s.b.web.servlet.context.ServletWebServerApplicationContext | Root WebApplicationContext: initialization completed in 836 ms
2023-04-25 13:33:10,487 {yyyy-MM-dd HH:mm:ss.SSS} | INFO  | org.hibernate.jpa.internal.util.LogHelper | HHH000204: Processing PersistenceUnitInfo [name: default]
2023-04-25 13:33:10,522 {yyyy-MM-dd HH:mm:ss.SSS} | INFO  | org.hibernate.Version | HHH000412: Hibernate ORM core version 6.1.7.Final
2023-04-25 13:33:10,688 {yyyy-MM-dd HH:mm:ss.SSS} | INFO  | com.zaxxer.hikari.HikariDataSource | HikariPool-1 - Starting...
2023-04-25 13:33:10,883 {yyyy-MM-dd HH:mm:ss.SSS} | INFO  | com.zaxxer.hikari.pool.HikariPool | HikariPool-1 - Added connection com.mysql.cj.jdbc.ConnectionImpl@7e2c6702
2023-04-25 13:33:10,885 {yyyy-MM-dd HH:mm:ss.SSS} | INFO  | com.zaxxer.hikari.HikariDataSource | HikariPool-1 - Start completed.
2023-04-25 13:33:10,923 {yyyy-MM-dd HH:mm:ss.SSS} | INFO  | SQL dialect | HHH000400: Using dialect: org.hibernate.dialect.MySQLDialect
2023-04-25 13:33:11,473 {yyyy-MM-dd HH:mm:ss.SSS} | INFO  | o.h.e.transaction.jta.platform.internal.JtaPlatformInitiator | HHH000490: Using JtaPlatform implementation: [org.hibernate.engine.transaction.jta.platform.internal.NoJtaPlatform]
2023-04-25 13:33:11,479 {yyyy-MM-dd HH:mm:ss.SSS} | INFO  | o.s.orm.jpa.LocalContainerEntityManagerFactoryBean | Initialized JPA EntityManagerFactory for persistence unit 'default'
2023-04-25 13:33:11,556 {yyyy-MM-dd HH:mm:ss.SSS} | WARN  | o.s.b.a.orm.jpa.JpaBaseConfiguration$JpaWebConfiguration | spring.jpa.open-in-view is enabled by default. Therefore, database queries may be performed during view rendering. Explicitly configure spring.jpa.open-in-view to disable this warning
2023-04-25 13:33:11,804 {yyyy-MM-dd HH:mm:ss.SSS} | INFO  | o.springframework.boot.web.embedded.tomcat.TomcatWebServer | Tomcat started on port(s): 8080 (http) with context path ''
2023-04-25 13:33:11,813 {yyyy-MM-dd HH:mm:ss.SSS} | INFO  | com.av.shop.task_25_springboot.App | Started App in 2.646 seconds (process running for 2.879)
2023-04-25 13:33:44,759 {yyyy-MM-dd HH:mm:ss.SSS} | INFO  | o.s.orm.jpa.LocalContainerEntityManagerFactoryBean | Closing JPA EntityManagerFactory for persistence unit 'default'
2023-04-25 13:33:44,760 {yyyy-MM-dd HH:mm:ss.SSS} | INFO  | com.zaxxer.hikari.HikariDataSource | HikariPool-1 - Shutdown initiated...
2023-04-25 13:33:44,764 {yyyy-MM-dd HH:mm:ss.SSS} | INFO  | com.zaxxer.hikari.HikariDataSource | HikariPool-1 - Shutdown completed.
